<?xml version="1.0" encoding="UTF-8"?>
<!-- Generated by org.testng.reporters.JUnitXMLReporter -->
<testsuite ignored="2" hostname="DESKTOP-EHLHG19" failures="0" tests="1" name="Steam" time="44.155" errors="0" timestamp="2022-06-06T22:28:49 CEST">
  <testcase classname="tests.CartTest" name="addToCartTest" time="44.094"/>
  <testcase classname="tests.CartTest" name="removeGameFromCart" time="0.0">
    <ignored/>
  </testcase> <!-- removeGameFromCart -->
  <testcase classname="tests.CartTest" name="addTwoGamesToCartAndRemoveThem" time="0.0">
    <ignored/>
  </testcase> <!-- addTwoGamesToCartAndRemoveThem -->
</testsuite> <!-- Steam -->
