<?xml version="1.0" encoding="UTF-8"?>
<testng-results ignored="0" total="12" passed="12" failed="0" skipped="0">
  <reporter-output>
    <line>
      <![CDATA[Current page header is: YOUR SHOPPING CART]]>
    </line>
    <line>
      <![CDATA[Specific game upgrade is present]]>
    </line>
    <line>
      <![CDATA[Specific game upgrade is present]]>
    </line>
    <line>
      <![CDATA[Specific game upgrade is present]]>
    </line>
    <line>
      <![CDATA[Removing from cart]]>
    </line>
    <line>
      <![CDATA[Card status message is: Your item has been removed!]]>
    </line>
    <line>
      <![CDATA[Removing all items from cart]]>
    </line>
    <line>
      <![CDATA[Confirming by clicking on 'Yes' button]]>
    </line>
    <line>
      <![CDATA[Actual profile name: steamtest240]]>
    </line>
    <line>
      <![CDATA[Page header contains the word: ABOUT]]>
    </line>
    <line>
      <![CDATA[Real name header profile name is: steamtest240]]>
    </line>
  </reporter-output>
  <suite started-at="2022-06-06T22:47:31 CEST" name="All Test Suite" finished-at="2022-06-06T22:50:22 CEST" duration-ms="170537">
    <groups>
    </groups>
    <test started-at="2022-06-06T22:47:31 CEST" name="C:/Users/Filip/IdeaProjects/Steam" finished-at="2022-06-06T22:50:22 CEST" duration-ms="170537">
      <class name="tests.WishListTest">
        <test-method signature="addGameToWishlistAndRemoveItFromWishlist()[pri:0, instance:tests.WishListTest@56a6d5a6]" started-at="2022-06-06T22:49:56 CEST" name="addGameToWishlistAndRemoveItFromWishlist" finished-at="2022-06-06T22:50:22 CEST" duration-ms="25006" status="PASS">
          <reporter-output>
          </reporter-output>
        </test-method> <!-- addGameToWishlistAndRemoveItFromWishlist -->
      </class> <!-- tests.WishListTest -->
      <class name="tests.EditProfileTest">
        <test-method signature="openProfileSettings()[pri:0, instance:tests.EditProfileTest@229d10bd]" started-at="2022-06-06T22:48:26 CEST" name="openProfileSettings" finished-at="2022-06-06T22:48:42 CEST" duration-ms="16483" status="PASS">
          <reporter-output>
            <line>
              <![CDATA[Actual profile name: steamtest240]]>
            </line>
            <line>
              <![CDATA[Page header contains the word: ABOUT]]>
            </line>
            <line>
              <![CDATA[Real name header profile name is: steamtest240]]>
            </line>
          </reporter-output>
        </test-method> <!-- openProfileSettings -->
      </class> <!-- tests.EditProfileTest -->
      <class name="tests.CartTest">
        <test-method signature="addToCartTest()[pri:1, instance:tests.CartTest@2f177a4b]" started-at="2022-06-06T22:47:31 CEST" name="addToCartTest" finished-at="2022-06-06T22:47:48 CEST" duration-ms="17410" status="PASS">
          <reporter-output>
            <line>
              <![CDATA[Current page header is: YOUR SHOPPING CART]]>
            </line>
            <line>
              <![CDATA[Specific game upgrade is present]]>
            </line>
            <line>
              <![CDATA[Specific game upgrade is present]]>
            </line>
          </reporter-output>
        </test-method> <!-- addToCartTest -->
        <test-method signature="removeGameFromCart()[pri:2, instance:tests.CartTest@2f177a4b]" started-at="2022-06-06T22:47:48 CEST" name="removeGameFromCart" finished-at="2022-06-06T22:48:06 CEST" duration-ms="18033" status="PASS">
          <reporter-output>
            <line>
              <![CDATA[Specific game upgrade is present]]>
            </line>
            <line>
              <![CDATA[Removing from cart]]>
            </line>
            <line>
              <![CDATA[Card status message is: Your item has been removed!]]>
            </line>
          </reporter-output>
        </test-method> <!-- removeGameFromCart -->
        <test-method signature="addTwoGamesToCartAndRemoveThem()[pri:3, instance:tests.CartTest@2f177a4b]" started-at="2022-06-06T22:48:06 CEST" name="addTwoGamesToCartAndRemoveThem" finished-at="2022-06-06T22:48:26 CEST" duration-ms="19059" status="PASS">
          <reporter-output>
            <line>
              <![CDATA[Removing all items from cart]]>
            </line>
            <line>
              <![CDATA[Confirming by clicking on 'Yes' button]]>
            </line>
          </reporter-output>
        </test-method> <!-- addTwoGamesToCartAndRemoveThem -->
      </class> <!-- tests.CartTest -->
      <class name="tests.RegistrationTest">
        <test-method signature="attemptRegistrationWithExistingUserCredentials()[pri:0, instance:tests.RegistrationTest@47542153]" started-at="2022-06-06T22:48:42 CEST" name="attemptRegistrationWithExistingUserCredentials" finished-at="2022-06-06T22:48:50 CEST" duration-ms="8408" status="PASS">
          <reporter-output>
          </reporter-output>
        </test-method> <!-- attemptRegistrationWithExistingUserCredentials -->
      </class> <!-- tests.RegistrationTest -->
      <class name="tests.SignInTest">
        <test-method signature="successfulSignIn()[pri:1, instance:tests.SignInTest@309e345f]" started-at="2022-06-06T22:49:22 CEST" name="successfulSignIn" finished-at="2022-06-06T22:49:33 CEST" duration-ms="10754" status="PASS">
          <reporter-output>
          </reporter-output>
        </test-method> <!-- successfulSignIn -->
        <test-method signature="signInWithInvalidSteamAccountNameAndValidPassword()[pri:2, instance:tests.SignInTest@309e345f]" started-at="2022-06-06T22:49:33 CEST" name="signInWithInvalidSteamAccountNameAndValidPassword" finished-at="2022-06-06T22:49:41 CEST" duration-ms="7887" status="PASS">
          <reporter-output>
          </reporter-output>
        </test-method> <!-- signInWithInvalidSteamAccountNameAndValidPassword -->
        <test-method signature="signInWithValidSteamAccountNameAndInvalidPassword()[pri:3, instance:tests.SignInTest@309e345f]" started-at="2022-06-06T22:49:41 CEST" name="signInWithValidSteamAccountNameAndInvalidPassword" finished-at="2022-06-06T22:49:49 CEST" duration-ms="7819" status="PASS">
          <reporter-output>
          </reporter-output>
        </test-method> <!-- signInWithValidSteamAccountNameAndInvalidPassword -->
        <test-method signature="signInWithInvalidCredentials()[pri:4, instance:tests.SignInTest@309e345f]" started-at="2022-06-06T22:49:49 CEST" name="signInWithInvalidCredentials" finished-at="2022-06-06T22:49:56 CEST" duration-ms="7851" status="PASS">
          <reporter-output>
          </reporter-output>
        </test-method> <!-- signInWithInvalidCredentials -->
      </class> <!-- tests.SignInTest -->
      <class name="tests.SearchTest">
        <test-method signature="searchForASpecificGameByName()[pri:1, instance:tests.SearchTest@7a4ccb53]" started-at="2022-06-06T22:48:50 CEST" name="searchForASpecificGameByName" finished-at="2022-06-06T22:49:05 CEST" duration-ms="15044" status="PASS">
          <reporter-output>
          </reporter-output>
        </test-method> <!-- searchForASpecificGameByName -->
        <test-method signature="searchByCategory()[pri:2, instance:tests.SearchTest@7a4ccb53]" started-at="2022-06-06T22:49:05 CEST" name="searchByCategory" finished-at="2022-06-06T22:49:22 CEST" duration-ms="16725" status="PASS">
          <reporter-output>
          </reporter-output>
        </test-method> <!-- searchByCategory -->
      </class> <!-- tests.SearchTest -->
    </test> <!-- C:/Users/Filip/IdeaProjects/Steam -->
  </suite> <!-- All Test Suite -->
</testng-results>
